<?xml version="1.0" encoding="UTF-8"?>
<!-- Generated by org.testng.reporters.JUnitReportReporter -->
<testsuite skipped="0" hostname="DESKTOP-Q7CUPN9" name="com.mystore.testcases.OrderPageTest" tests="1" failures="0" timestamp="01 Aug 2021 12:00:48 GMT" time="29.971" errors="0">
  <testcase name="verifyTotalprice" time="29.971" classname="com.mystore.testcases.OrderPageTest"/>
</testsuite> <!-- com.mystore.testcases.OrderPageTest -->
