<?xml version="1.0" encoding="UTF-8"?>
<!-- Generated by org.testng.reporters.JUnitReportReporter -->
<testsuite skipped="0" hostname="DESKTOP-Q7CUPN9" name="com.mystore.testcases.EndToEndTest" tests="1" failures="0" timestamp="01 Aug 2021 12:54:47 GMT" time="45.235" errors="0">
  <testcase name="verifyendetoend" time="45.235" classname="com.mystore.testcases.EndToEndTest"/>
</testsuite> <!-- com.mystore.testcases.EndToEndTest -->
