<?xml version="1.0" encoding="UTF-8"?>
<!-- Generated by org.testng.reporters.JUnitReportReporter -->
<testsuite skipped="0" hostname="DESKTOP-Q7CUPN9" name="com.mystore.Base.Test1" tests="1" failures="0" timestamp="30 Jul 2021 04:51:25 GMT" time="3.660" errors="0">
  <testcase name="testing" time="3.660" classname="com.mystore.Base.Test1"/>
</testsuite> <!-- com.mystore.Base.Test1 -->
