<?xml version="1.0" encoding="UTF-8"?>
<!-- Generated by org.testng.reporters.JUnitReportReporter -->
<testsuite skipped="0" hostname="DESKTOP-Q7CUPN9" name="com.mystore.testcases.IndexPageTest" tests="2" failures="0" timestamp="29 Jul 2021 13:15:59 GMT" time="32.691" errors="0">
  <testcase name="veirfyLogo" time="17.131" classname="com.mystore.testcases.IndexPageTest"/>
  <testcase name="verifyTitle" time="15.560" classname="com.mystore.testcases.IndexPageTest"/>
</testsuite> <!-- com.mystore.testcases.IndexPageTest -->
