<?xml version="1.0" encoding="UTF-8"?>
<!-- Generated by org.testng.reporters.JUnitReportReporter -->
<testsuite skipped="0" hostname="DESKTOP-Q7CUPN9" name="com.mystore.testcases.AccountRegisterPageTest" tests="1" failures="0" timestamp="30 Jul 2021 11:48:37 GMT" time="32.832" errors="0">
  <testcase name="accountRegisterConfirm" time="32.832" classname="com.mystore.testcases.AccountRegisterPageTest"/>
</testsuite> <!-- com.mystore.testcases.AccountRegisterPageTest -->
