<?xml version="1.0" encoding="UTF-8"?>
<!-- Generated by org.testng.reporters.JUnitReportReporter -->
<testsuite skipped="0" hostname="DESKTOP-Q7CUPN9" name="com.mystore.dataprovider.DataProviders" tests="1" failures="0" timestamp="03 Aug 2021 04:35:15 GMT" time="0.022" errors="0">
  <testcase name="getCredentials" time="0.022" classname="com.mystore.dataprovider.DataProviders"/>
</testsuite> <!-- com.mystore.dataprovider.DataProviders -->
