<?xml version="1.0" encoding="UTF-8"?>
<!-- Generated by org.testng.reporters.JUnitReportReporter -->
<testsuite skipped="0" hostname="DESKTOP-Q7CUPN9" name="com.mystore.testcases.SearchResultPageTest" tests="2" failures="0" timestamp="04 Aug 2021 11:35:15 GMT" time="59.305" errors="0">
  <testcase name="productAvailabilityTest" time="28.929" classname="com.mystore.testcases.SearchResultPageTest"/>
  <testcase name="productAvailabilityTest" time="30.376" classname="com.mystore.testcases.SearchResultPageTest"/>
</testsuite> <!-- com.mystore.testcases.SearchResultPageTest -->
